<?xml version="1.0" encoding="UTF-8"?>
<!-- Generated by org.testng.reporters.JUnitReportReporter -->
<testsuite hostname="DESKTOP-3PM9DU6" failures="0" tests="1" name="testNg.Tc04" time="10.641" errors="0" timestamp="2022-04-13T13:57:54 IST" skipped="0">
  <testcase classname="testNg.Tc04" name="demo" time="10.641"/>
  <system-out/>
</testsuite> <!-- testNg.Tc04 -->
