<?xml version="1.0" encoding="UTF-8"?>
<!-- Generated by org.testng.reporters.JUnitReportReporter -->
<testsuite hostname="DESKTOP-3PM9DU6" failures="0" tests="1" name="testNg.Tc02" time="11.217" errors="0" timestamp="2022-04-13T13:57:54 IST" skipped="0">
  <testcase classname="testNg.Tc02" name="demo" time="11.217"/>
  <system-out/>
</testsuite> <!-- testNg.Tc02 -->
